<?xml version="1.0" encoding="UTF-8" ?>
<testsuite failures="0" time="0.265" errors="0" skipped="0" tests="4" name="fr.norsys.formation.locationvelos.metier.impl.LocationVeloMetierTest">
  <properties>
[...]
</properties>
  <testcase time="0.234" classname="fr.norsys.formation.locationvelos.metier.impl.LocationVeloMetierTest" name="initialiseLocationVeloMetierImplEtVerifierQuIlNestPasNull"/>
  <testcase time="0" classname="fr.norsys.formation.locationvelos.metier.impl.LocationVeloMetierTest" name="initialiseLocationVeloMetierImplEtVerifierQueSesSavoirSontPasNulls"/>
  <testcase time="0.031" classname="fr.norsys.formation.locationvelos.metier.impl.LocationVeloMetierTest" name="initialiseLocationVeloMetierImplEtVerfieSavoirFaireLouerVeloAuClient"/>
  <testcase time="0" classname="fr.norsys.formation.locationvelos.metier.impl.LocationVeloMetierTest" name="initialiseLocationVeloMetierImplEtVerfieSavoirFaireLouerVeloAuClientNoExistant"/>
</testsuite>